0 info it worked if it ends with ok
1 verbose cli [ '/usr/local/bin/iojs', '/usr/local/bin/npm', 'start' ]
2 info using npm@3.7.2
3 info using node@v3.0.0
4 verbose run-script [ 'prestart', 'start', 'poststart' ]
5 info lifecycle blackList@~prestart: blackList@
6 silly lifecycle blackList@~prestart: no script for prestart, continuing
7 info lifecycle blackList@~start: blackList@
8 verbose lifecycle blackList@~start: unsafe-perm in lifecycle true
9 verbose lifecycle blackList@~start: PATH: /usr/local/lib/node_modules/npm/bin/node-gyp-bin:/Users/KHB/Sites/blackList/node_modules/.bin:/usr/local/bin:/usr/local/bin:/usr/bin:/bin:/usr/sbin:/sbin:/opt/X11/bin:/Users/KHB
10 verbose lifecycle blackList@~start: CWD: /Users/KHB/Sites/blackList
11 silly lifecycle blackList@~start: Args: [ '-c', 'meteor run --settings settings.json' ]
12 silly lifecycle blackList@~start: Returned: code: 2  signal: null
13 info lifecycle blackList@~start: Failed to exec start script
14 verbose stack Error: blackList@ start: `meteor run --settings settings.json`
14 verbose stack Exit status 2
14 verbose stack     at EventEmitter.<anonymous> (/usr/local/lib/node_modules/npm/lib/utils/lifecycle.js:239:16)
14 verbose stack     at emitTwo (events.js:87:13)
14 verbose stack     at EventEmitter.emit (events.js:172:7)
14 verbose stack     at ChildProcess.<anonymous> (/usr/local/lib/node_modules/npm/lib/utils/spawn.js:24:14)
14 verbose stack     at emitTwo (events.js:87:13)
14 verbose stack     at ChildProcess.emit (events.js:172:7)
14 verbose stack     at maybeClose (internal/child_process.js:764:16)
14 verbose stack     at Process.ChildProcess._handle.onexit (internal/child_process.js:211:5)
15 verbose pkgid blackList@
16 verbose cwd /Users/KHB/Sites/blackList
17 error Darwin 15.6.0
18 error argv "/usr/local/bin/iojs" "/usr/local/bin/npm" "start"
19 error node v3.0.0
20 error npm  v3.7.2
21 error code ELIFECYCLE
22 error blackList@ start: `meteor run --settings settings.json`
22 error Exit status 2
23 error Failed at the blackList@ start script 'meteor run --settings settings.json'.
23 error Make sure you have the latest version of node.js and npm installed.
23 error If you do, this is most likely a problem with the blackList package,
23 error not with npm itself.
23 error Tell the author that this fails on your system:
23 error     meteor run --settings settings.json
23 error You can get information on how to open an issue for this project with:
23 error     npm bugs blackList
23 error Or if that isn't available, you can get their info via:
23 error     npm owner ls blackList
23 error There is likely additional logging output above.
24 verbose exit [ 1, true ]
